
2023/10/10 03:22:37 [error] 21#21: *1 recv() failed (104: Connection reset by peer) while reading response header from upstream, client: 192.168.12.235, server: _, request: "GET /p.php HTTP/1.1", upstream: "fastcgi://172.21.0.3:9000", host: "192.168.12.171", referrer: "http://192.168.12.171/"
2023/10/10 03:22:46 [error] 21#21: *1 recv() failed (104: Connection reset by peer) while reading response header from upstream, client: 192.168.12.235, server: _, request: "GET /p.php HTTP/1.1", upstream: "fastcgi://172.21.0.3:9000", host: "192.168.12.171", referrer: "http://192.168.12.171/"
2023/10/10 03:25:44 [error] 24#24: *1 recv() failed (104: Connection reset by peer) while reading response header from upstream, client: 192.168.12.235, server: _, request: "GET /p.php HTTP/1.1", upstream: "fastcgi://172.21.0.3:9000", host: "192.168.12.171", referrer: "http://192.168.12.171/"
2023/10/10 03:27:44 [notice] 1#1: using the "epoll" event method
2023/10/10 03:27:44 [notice] 1#1: nginx/1.25.2
2023/10/10 03:27:44 [notice] 1#1: built by gcc 12.2.1 20220924 (Alpine 12.2.1_git20220924-r10) 
2023/10/10 03:27:44 [notice] 1#1: OS: Linux 5.10.0-26-amd64
2023/10/10 03:27:44 [notice] 1#1: getrlimit(RLIMIT_NOFILE): 1048576:1048576
2023/10/10 03:27:44 [notice] 1#1: start worker processes
2023/10/10 03:27:44 [notice] 1#1: start worker process 20
2023/10/10 03:27:44 [notice] 1#1: start worker process 21
2023/10/10 03:27:44 [notice] 20#20: sched_setaffinity(): using cpu #0
2023/10/10 03:27:44 [notice] 1#1: start worker process 22
2023/10/10 03:27:44 [notice] 21#21: sched_setaffinity(): using cpu #1
2023/10/10 03:27:44 [notice] 1#1: start worker process 23
2023/10/10 03:27:44 [notice] 22#22: sched_setaffinity(): using cpu #2
2023/10/10 03:27:44 [notice] 1#1: start worker process 24
2023/10/10 03:27:44 [notice] 23#23: sched_setaffinity(): using cpu #3
2023/10/10 03:27:44 [notice] 1#1: start worker process 25
2023/10/10 03:27:44 [notice] 24#24: sched_setaffinity(): using cpu #4
2023/10/10 03:27:44 [notice] 25#25: sched_setaffinity(): using cpu #5
2023/10/10 03:27:44 [notice] 1#1: start worker process 26
2023/10/10 03:27:44 [notice] 1#1: start worker process 27
2023/10/10 03:27:44 [notice] 26#26: sched_setaffinity(): using cpu #6
2023/10/10 03:27:44 [notice] 27#27: sched_setaffinity(): using cpu #7
2023/10/10 03:27:49 [error] 25#25: *1 recv() failed (104: Connection reset by peer) while reading response header from upstream, client: 192.168.12.235, server: _, request: "GET /p.php HTTP/1.1", upstream: "fastcgi://172.22.0.3:9000", host: "192.168.12.171", referrer: "http://192.168.12.171/"
2023/10/10 03:28:48 [info] 20#20: *2 client timed out (110: Operation timed out) while waiting for request, client: 192.168.12.235, server: 0.0.0.0:80
2023/10/10 03:31:21 [notice] 1#1: signal 3 (SIGQUIT) received, shutting down
2023/10/10 03:31:21 [notice] 21#21: gracefully shutting down
2023/10/10 03:31:21 [notice] 22#22: gracefully shutting down
2023/10/10 03:31:21 [notice] 25#25: gracefully shutting down
2023/10/10 03:31:21 [notice] 26#26: gracefully shutting down
2023/10/10 03:31:21 [notice] 20#20: gracefully shutting down
2023/10/10 03:31:21 [notice] 27#27: gracefully shutting down
2023/10/10 03:31:21 [notice] 24#24: gracefully shutting down
2023/10/10 03:31:21 [notice] 23#23: gracefully shutting down
2023/10/10 03:31:21 [notice] 20#20: exiting
2023/10/10 03:31:21 [notice] 20#20: exit
2023/10/10 03:31:21 [notice] 22#22: exiting
2023/10/10 03:31:21 [notice] 21#21: exiting
2023/10/10 03:31:21 [notice] 25#25: exiting
2023/10/10 03:31:21 [notice] 27#27: exiting
2023/10/10 03:31:21 [notice] 26#26: exiting
2023/10/10 03:31:21 [notice] 24#24: exiting
2023/10/10 03:31:21 [notice] 23#23: exiting
2023/10/10 03:31:21 [notice] 22#22: exit
2023/10/10 03:31:21 [notice] 25#25: exit
2023/10/10 03:31:21 [notice] 21#21: exit
2023/10/10 03:31:21 [notice] 26#26: exit
2023/10/10 03:31:21 [notice] 27#27: exit
2023/10/10 03:31:21 [notice] 24#24: exit
2023/10/10 03:31:21 [notice] 23#23: exit
2023/10/10 03:31:21 [notice] 1#1: signal 17 (SIGCHLD) received from 23
2023/10/10 03:31:21 [notice] 1#1: worker process 22 exited with code 0
2023/10/10 03:31:21 [notice] 1#1: worker process 23 exited with code 0
2023/10/10 03:31:21 [notice] 1#1: signal 29 (SIGIO) received
2023/10/10 03:31:21 [notice] 1#1: signal 17 (SIGCHLD) received from 27
2023/10/10 03:31:21 [notice] 1#1: worker process 21 exited with code 0
2023/10/10 03:31:21 [notice] 1#1: worker process 24 exited with code 0
2023/10/10 03:31:21 [notice] 1#1: worker process 26 exited with code 0
2023/10/10 03:31:21 [notice] 1#1: worker process 27 exited with code 0
2023/10/10 03:31:21 [notice] 1#1: signal 29 (SIGIO) received
2023/10/10 03:31:21 [notice] 1#1: signal 17 (SIGCHLD) received from 20
2023/10/10 03:31:21 [notice] 1#1: worker process 20 exited with code 0
2023/10/10 03:31:21 [notice] 1#1: signal 29 (SIGIO) received
2023/10/10 03:31:21 [notice] 1#1: signal 17 (SIGCHLD) received from 25
2023/10/10 03:31:21 [notice] 1#1: worker process 25 exited with code 0
2023/10/10 03:31:21 [notice] 1#1: exit
2023/10/10 03:31:25 [notice] 1#1: using the "epoll" event method
2023/10/10 03:31:25 [notice] 1#1: nginx/1.25.2
2023/10/10 03:31:25 [notice] 1#1: built by gcc 12.2.1 20220924 (Alpine 12.2.1_git20220924-r10) 
2023/10/10 03:31:25 [notice] 1#1: OS: Linux 5.10.0-26-amd64
2023/10/10 03:31:25 [notice] 1#1: getrlimit(RLIMIT_NOFILE): 1048576:1048576
2023/10/10 03:31:25 [notice] 1#1: start worker processes
2023/10/10 03:31:25 [notice] 1#1: start worker process 20
2023/10/10 03:31:25 [notice] 1#1: start worker process 21
2023/10/10 03:31:25 [notice] 20#20: sched_setaffinity(): using cpu #0
2023/10/10 03:31:25 [notice] 1#1: start worker process 22
2023/10/10 03:31:25 [notice] 21#21: sched_setaffinity(): using cpu #1
2023/10/10 03:31:25 [notice] 1#1: start worker process 23
2023/10/10 03:31:25 [notice] 22#22: sched_setaffinity(): using cpu #2
2023/10/10 03:31:25 [notice] 1#1: start worker process 24
2023/10/10 03:31:25 [notice] 23#23: sched_setaffinity(): using cpu #3
2023/10/10 03:31:25 [notice] 1#1: start worker process 25
2023/10/10 03:31:25 [notice] 24#24: sched_setaffinity(): using cpu #4
2023/10/10 03:31:25 [notice] 25#25: sched_setaffinity(): using cpu #5
2023/10/10 03:31:25 [notice] 1#1: start worker process 26
2023/10/10 03:31:25 [notice] 1#1: start worker process 27
2023/10/10 03:31:25 [notice] 26#26: sched_setaffinity(): using cpu #6
2023/10/10 03:31:25 [notice] 27#27: sched_setaffinity(): using cpu #7
2023/10/10 03:31:35 [error] 20#20: *1 recv() failed (104: Connection reset by peer) while reading response header from upstream, client: 192.168.12.235, server: _, request: "GET /p.php HTTP/1.1", upstream: "fastcgi://172.23.0.2:9000", host: "192.168.12.171", referrer: "http://192.168.12.171/"
2023/10/10 03:31:40 [notice] 1#1: signal 3 (SIGQUIT) received, shutting down
2023/10/10 03:31:40 [notice] 20#20: gracefully shutting down
2023/10/10 03:31:40 [notice] 21#21: gracefully shutting down
2023/10/10 03:31:40 [notice] 24#24: gracefully shutting down
2023/10/10 03:31:40 [notice] 26#26: gracefully shutting down
2023/10/10 03:31:40 [notice] 23#23: gracefully shutting down
2023/10/10 03:31:40 [notice] 25#25: gracefully shutting down
2023/10/10 03:31:40 [notice] 27#27: gracefully shutting down
2023/10/10 03:31:40 [notice] 22#22: gracefully shutting down
2023/10/10 03:31:40 [notice] 21#21: exiting
2023/10/10 03:31:40 [notice] 27#27: exiting
2023/10/10 03:31:40 [notice] 23#23: exiting
2023/10/10 03:31:40 [notice] 26#26: exiting
2023/10/10 03:31:40 [notice] 24#24: exiting
2023/10/10 03:31:40 [notice] 25#25: exiting
2023/10/10 03:31:40 [notice] 27#27: exit
2023/10/10 03:31:40 [notice] 23#23: exit
2023/10/10 03:31:40 [notice] 20#20: exiting
2023/10/10 03:31:40 [notice] 21#21: exit
2023/10/10 03:31:40 [notice] 24#24: exit
2023/10/10 03:31:40 [notice] 20#20: exit
2023/10/10 03:31:40 [notice] 26#26: exit
2023/10/10 03:31:40 [notice] 25#25: exit
2023/10/10 03:31:40 [notice] 1#1: signal 17 (SIGCHLD) received from 21
2023/10/10 03:31:40 [notice] 1#1: worker process 21 exited with code 0
2023/10/10 03:31:40 [notice] 1#1: worker process 27 exited with code 0
2023/10/10 03:31:40 [notice] 1#1: signal 29 (SIGIO) received
2023/10/10 03:31:40 [notice] 1#1: signal 17 (SIGCHLD) received from 27
2023/10/10 03:31:40 [notice] 1#1: signal 17 (SIGCHLD) received from 20
2023/10/10 03:31:40 [notice] 1#1: worker process 20 exited with code 0
2023/10/10 03:31:40 [notice] 1#1: signal 29 (SIGIO) received
2023/10/10 03:31:40 [notice] 1#1: signal 17 (SIGCHLD) received from 23
2023/10/10 03:31:40 [notice] 1#1: worker process 23 exited with code 0
2023/10/10 03:31:40 [notice] 1#1: signal 29 (SIGIO) received
2023/10/10 03:31:40 [notice] 1#1: signal 17 (SIGCHLD) received from 26
2023/10/10 03:31:40 [notice] 1#1: worker process 26 exited with code 0
2023/10/10 03:31:40 [notice] 1#1: signal 29 (SIGIO) received
2023/10/10 03:31:40 [notice] 1#1: signal 17 (SIGCHLD) received from 25
2023/10/10 03:31:40 [notice] 1#1: worker process 25 exited with code 0
2023/10/10 03:31:40 [notice] 1#1: signal 29 (SIGIO) received
2023/10/10 03:31:40 [notice] 1#1: signal 17 (SIGCHLD) received from 24
2023/10/10 03:31:40 [notice] 1#1: worker process 24 exited with code 0
2023/10/10 03:31:40 [notice] 1#1: signal 29 (SIGIO) received
2023/10/10 03:33:34 [notice] 1#1: using the "epoll" event method
2023/10/10 03:33:34 [notice] 1#1: nginx/1.25.2
2023/10/10 03:33:34 [notice] 1#1: built by gcc 12.2.1 20220924 (Alpine 12.2.1_git20220924-r10) 
2023/10/10 03:33:34 [notice] 1#1: OS: Linux 5.10.0-26-amd64
2023/10/10 03:33:34 [notice] 1#1: getrlimit(RLIMIT_NOFILE): 1048576:1048576
2023/10/10 03:33:34 [notice] 1#1: start worker processes
2023/10/10 03:33:34 [notice] 1#1: start worker process 20
2023/10/10 03:33:34 [notice] 1#1: start worker process 21
2023/10/10 03:33:34 [notice] 20#20: sched_setaffinity(): using cpu #0
2023/10/10 03:33:34 [notice] 1#1: start worker process 22
2023/10/10 03:33:34 [notice] 21#21: sched_setaffinity(): using cpu #1
2023/10/10 03:33:34 [notice] 1#1: start worker process 23
2023/10/10 03:33:34 [notice] 22#22: sched_setaffinity(): using cpu #2
2023/10/10 03:33:34 [notice] 1#1: start worker process 24
2023/10/10 03:33:34 [notice] 23#23: sched_setaffinity(): using cpu #3
2023/10/10 03:33:34 [notice] 1#1: start worker process 25
2023/10/10 03:33:34 [notice] 24#24: sched_setaffinity(): using cpu #4
2023/10/10 03:33:34 [notice] 1#1: start worker process 26
2023/10/10 03:33:34 [notice] 25#25: sched_setaffinity(): using cpu #5
2023/10/10 03:33:34 [notice] 1#1: start worker process 27
2023/10/10 03:33:34 [notice] 26#26: sched_setaffinity(): using cpu #6
2023/10/10 03:33:34 [notice] 27#27: sched_setaffinity(): using cpu #7
2023/10/10 03:34:35 [info] 22#22: *2 client timed out (110: Operation timed out) while waiting for request, client: 192.168.12.235, server: 0.0.0.0:80
2023/10/10 03:46:44 [info] 21#21: *436 client timed out (110: Operation timed out) while waiting for request, client: 192.168.12.235, server: 0.0.0.0:80
2023/10/10 03:47:21 [notice] 1#1: signal 3 (SIGQUIT) received, shutting down
2023/10/10 03:47:21 [notice] 21#21: gracefully shutting down
2023/10/10 03:47:21 [notice] 26#26: gracefully shutting down
2023/10/10 03:47:21 [notice] 25#25: gracefully shutting down
2023/10/10 03:47:21 [notice] 27#27: gracefully shutting down
2023/10/10 03:47:21 [notice] 25#25: exiting
2023/10/10 03:47:21 [notice] 26#26: exiting
2023/10/10 03:47:21 [notice] 27#27: exiting
2023/10/10 03:47:21 [notice] 21#21: exiting
2023/10/10 03:47:21 [notice] 25#25: exit
2023/10/10 03:47:21 [notice] 27#27: exit
2023/10/10 03:47:21 [notice] 26#26: exit
2023/10/10 03:47:21 [notice] 21#21: exit
2023/10/10 03:47:21 [notice] 24#24: gracefully shutting down
2023/10/10 03:47:21 [notice] 23#23: gracefully shutting down
2023/10/10 03:47:21 [notice] 22#22: gracefully shutting down
2023/10/10 03:47:21 [notice] 20#20: gracefully shutting down
2023/10/10 03:47:21 [notice] 23#23: exiting
2023/10/10 03:47:21 [notice] 24#24: exiting
2023/10/10 03:47:21 [notice] 22#22: exiting
2023/10/10 03:47:21 [notice] 20#20: exiting
2023/10/10 03:47:21 [notice] 23#23: exit
2023/10/10 03:47:21 [notice] 22#22: exit
2023/10/10 03:47:21 [notice] 24#24: exit
2023/10/10 03:47:21 [notice] 20#20: exit
2023/10/10 03:47:21 [notice] 1#1: signal 17 (SIGCHLD) received from 22
2023/10/10 03:47:21 [notice] 1#1: worker process 21 exited with code 0
2023/10/10 03:47:21 [notice] 1#1: worker process 22 exited with code 0
2023/10/10 03:47:21 [notice] 1#1: worker process 24 exited with code 0
2023/10/10 03:47:21 [notice] 1#1: worker process 26 exited with code 0
2023/10/10 03:47:21 [notice] 1#1: signal 29 (SIGIO) received
2023/10/10 03:47:21 [notice] 1#1: signal 17 (SIGCHLD) received from 26
2023/10/10 03:47:21 [notice] 1#1: worker process 20 exited with code 0
2023/10/10 03:47:21 [notice] 1#1: worker process 23 exited with code 0
2023/10/10 03:47:21 [notice] 1#1: worker process 25 exited with code 0
2023/10/10 03:47:21 [notice] 1#1: worker process 27 exited with code 0
2023/10/10 03:47:21 [notice] 1#1: exit
